This file contains any messages produced by compilers while
running configure, to aid debugging if configure makes a mistake.

It was created by FTGL configure 2.1.3~rc5, which was
generated by GNU Autoconf 2.61.  Invocation command line was

  $ ./configure 

## --------- ##
## Platform. ##
## --------- ##

hostname = akane.cs.berkeley.edu
uname -m = i386
uname -r = 10.7.0
uname -s = Darwin
uname -v = Darwin Kernel Version 10.7.0: Sat Jan 29 15:17:16 PST 2011; root:xnu-1504.9.37~1/RELEASE_I386

/usr/bin/uname -p = i386
/bin/uname -X     = unknown

/bin/arch              = unknown
/usr/bin/arch -k       = unknown
/usr/convex/getsysinfo = unknown
/usr/bin/hostinfo      = Mach kernel version:
	 Darwin Kernel Version 10.7.0: Sat Jan 29 15:17:16 PST 2011; root:xnu-1504.9.37~1/RELEASE_I386
Kernel configured for up to 16 processors.
8 processors are physically available.
16 processors are logically available.
Processor type: i486 (Intel 80486)
Processors active: 0 1 2 3 4 5 6 7 8 9 10 11 12 13 14 15
Primary memory available: 12.00 gigabytes
Default processor set: 133 tasks, 424 threads, 16 processors
Load average: 0.00, Mach factor: 15.99
/bin/machine           = unknown
/usr/bin/oslevel       = unknown
/bin/universe          = unknown

PATH: /home/cc/cs184/sp11/class/cs184-ew/bin
PATH: /share/b/grading/bin
PATH: /home/ff/cs184/bin
PATH: /home/ff/cs184/bin/arch/i386
PATH: /usr/local/bin
PATH: /usr/sww/bin
PATH: /usr/bin
PATH: /bin
PATH: /usr/ucb
PATH: /usr/sfw/bin
PATH: /share/b/grading/bin
PATH: /share/b/grading/sbin
PATH: /share/b/runas/i386
PATH: /share/b/bin
PATH: /home/aa/projects/scheme/bin


## ----------- ##
## Core tests. ##
## ----------- ##

configure:2041: checking for a BSD-compatible install
configure:2097: result: /usr/bin/install -c
configure:2108: checking whether build environment is sane
configure:2151: result: yes
configure:2175: WARNING: `missing' script is too old or missing
configure:2179: checking for a thread-safe mkdir -p
configure:2218: result: .auto/install-sh -c -d
configure:2231: checking for gawk
configure:2261: result: no
configure:2231: checking for mawk
configure:2261: result: no
configure:2231: checking for nawk
configure:2261: result: no
configure:2231: checking for awk
configure:2247: found /usr/bin/awk
configure:2258: result: awk
configure:2269: checking whether make sets $(MAKE)
configure:2290: result: yes
configure:2484: checking for style of include used by make
configure:2512: result: GNU
configure:2541: checking build system type
configure:2559: result: i386-apple-darwin10.7.0
configure:2581: checking host system type
configure:2596: result: i386-apple-darwin10.7.0
configure:2695: checking for g++
configure:2711: found /usr/bin/g++
configure:2722: result: g++
configure:2753: checking for C++ compiler version
configure:2760: g++ --version >&5
i686-apple-darwin10-g++-4.2.1 (GCC) 4.2.1 (Apple Inc. build 5664)
Copyright (C) 2007 Free Software Foundation, Inc.
This is free software; see the source for copying conditions.  There is NO
warranty; not even for MERCHANTABILITY or FITNESS FOR A PARTICULAR PURPOSE.

configure:2763: $? = 0
configure:2770: g++ -v >&5
Using built-in specs.
Target: i686-apple-darwin10
Configured with: /var/tmp/gcc/gcc-5664~89/src/configure --disable-checking --enable-werror --prefix=/usr --mandir=/share/man --enable-languages=c,objc,c++,obj-c++ --program-transform-name=/^[cg][^.-]*$/s/$/-4.2/ --with-slibdir=/usr/lib --build=i686-apple-darwin10 --program-prefix=i686-apple-darwin10- --host=x86_64-apple-darwin10 --target=i686-apple-darwin10 --with-gxx-include-dir=/include/c++/4.2.1
Thread model: posix
gcc version 4.2.1 (Apple Inc. build 5664)
configure:2773: $? = 0
configure:2780: g++ -V >&5
g++-4.2: argument to `-V' is missing
configure:2783: $? = 1
configure:2806: checking for C++ compiler default output file name
configure:2833: g++    conftest.cpp  >&5
configure:2836: $? = 0
configure:2874: result: a.out
configure:2891: checking whether the C++ compiler works
configure:2901: ./a.out
configure:2904: $? = 0
configure:2921: result: yes
configure:2928: checking whether we are cross compiling
configure:2930: result: no
configure:2933: checking for suffix of executables
configure:2940: g++ -o conftest    conftest.cpp  >&5
configure:2943: $? = 0
configure:2967: result: 
configure:2973: checking for suffix of object files
configure:2999: g++ -c   conftest.cpp >&5
configure:3002: $? = 0
configure:3025: result: o
configure:3029: checking whether we are using the GNU C++ compiler
configure:3058: g++ -c   conftest.cpp >&5
configure:3064: $? = 0
configure:3081: result: yes
configure:3086: checking whether g++ accepts -g
configure:3116: g++ -c -g  conftest.cpp >&5
configure:3122: $? = 0
configure:3221: result: yes
configure:3246: checking dependency style of g++
configure:3337: result: gcc3
configure:3483: checking for gcc
configure:3499: found /usr/bin/gcc
configure:3510: result: gcc
configure:3748: checking for C compiler version
configure:3755: gcc --version >&5
i686-apple-darwin10-gcc-4.2.1 (GCC) 4.2.1 (Apple Inc. build 5664)
Copyright (C) 2007 Free Software Foundation, Inc.
This is free software; see the source for copying conditions.  There is NO
warranty; not even for MERCHANTABILITY or FITNESS FOR A PARTICULAR PURPOSE.

configure:3758: $? = 0
configure:3765: gcc -v >&5
Using built-in specs.
Target: i686-apple-darwin10
Configured with: /var/tmp/gcc/gcc-5664~89/src/configure --disable-checking --enable-werror --prefix=/usr --mandir=/share/man --enable-languages=c,objc,c++,obj-c++ --program-transform-name=/^[cg][^.-]*$/s/$/-4.2/ --with-slibdir=/usr/lib --build=i686-apple-darwin10 --program-prefix=i686-apple-darwin10- --host=x86_64-apple-darwin10 --target=i686-apple-darwin10 --with-gxx-include-dir=/include/c++/4.2.1
Thread model: posix
gcc version 4.2.1 (Apple Inc. build 5664)
configure:3768: $? = 0
configure:3775: gcc -V >&5
gcc-4.2: argument to `-V' is missing
configure:3778: $? = 1
configure:3781: checking whether we are using the GNU C compiler
configure:3810: gcc -c   conftest.c >&5
configure:3816: $? = 0
configure:3833: result: yes
configure:3838: checking whether gcc accepts -g
configure:3868: gcc -c -g  conftest.c >&5
configure:3874: $? = 0
configure:3973: result: yes
configure:3990: checking for gcc option to accept ISO C89
configure:4064: gcc  -c -g -O2  conftest.c >&5
configure:4070: $? = 0
configure:4093: result: none needed
configure:4113: checking dependency style of gcc
configure:4204: result: gcc3
configure:4219: checking for a sed that does not truncate output
configure:4275: result: /usr/bin/sed
configure:4278: checking for grep that handles long lines and -e
configure:4352: result: /usr/bin/grep
configure:4357: checking for egrep
configure:4435: result: /usr/bin/grep -E
configure:4451: checking for ld used by gcc
configure:4518: result: /usr/libexec/gcc/i686-apple-darwin10/4.2.1/ld
configure:4527: checking if the linker (/usr/libexec/gcc/i686-apple-darwin10/4.2.1/ld) is GNU ld
configure:4542: result: no
configure:4547: checking for /usr/libexec/gcc/i686-apple-darwin10/4.2.1/ld option to reload object files
configure:4554: result: -r
configure:4572: checking for BSD-compatible nm
configure:4621: result: /usr/bin/nm
configure:4625: checking whether ln -s works
configure:4629: result: yes
configure:4636: checking how to recognize dependent libraries
configure:4822: result: pass_all
configure:5067: checking how to run the C preprocessor
configure:5107: gcc -E  conftest.c
configure:5113: $? = 0
configure:5144: gcc -E  conftest.c
conftest.c:8:28: error: ac_nonexistent.h: No such file or directory
configure:5150: $? = 1
configure: failed program was:
| /* confdefs.h.  */
| #define PACKAGE_NAME "FTGL"
| #define PACKAGE_TARNAME "ftgl"
| #define PACKAGE_VERSION "2.1.3~rc5"
| #define PACKAGE_STRING "FTGL 2.1.3~rc5"
| #define PACKAGE_BUGREPORT "sam@zoy.org"
| /* end confdefs.h.  */
| #include <ac_nonexistent.h>
configure:5183: result: gcc -E
configure:5212: gcc -E  conftest.c
configure:5218: $? = 0
configure:5249: gcc -E  conftest.c
conftest.c:8:28: error: ac_nonexistent.h: No such file or directory
configure:5255: $? = 1
configure: failed program was:
| /* confdefs.h.  */
| #define PACKAGE_NAME "FTGL"
| #define PACKAGE_TARNAME "ftgl"
| #define PACKAGE_VERSION "2.1.3~rc5"
| #define PACKAGE_STRING "FTGL 2.1.3~rc5"
| #define PACKAGE_BUGREPORT "sam@zoy.org"
| /* end confdefs.h.  */
| #include <ac_nonexistent.h>
configure:5293: checking for ANSI C header files
configure:5323: gcc -c -g -O2  conftest.c >&5
configure:5329: $? = 0
configure:5428: gcc -o conftest -g -O2   conftest.c  >&5
configure:5431: $? = 0
configure:5437: ./conftest
configure:5440: $? = 0
configure:5457: result: yes
configure:5481: checking for sys/types.h
configure:5502: gcc -c -g -O2  conftest.c >&5
configure:5508: $? = 0
configure:5524: result: yes
configure:5481: checking for sys/stat.h
configure:5502: gcc -c -g -O2  conftest.c >&5
configure:5508: $? = 0
configure:5524: result: yes
configure:5481: checking for stdlib.h
configure:5502: gcc -c -g -O2  conftest.c >&5
configure:5508: $? = 0
configure:5524: result: yes
configure:5481: checking for string.h
configure:5502: gcc -c -g -O2  conftest.c >&5
configure:5508: $? = 0
configure:5524: result: yes
configure:5481: checking for memory.h
configure:5502: gcc -c -g -O2  conftest.c >&5
configure:5508: $? = 0
configure:5524: result: yes
configure:5481: checking for strings.h
configure:5502: gcc -c -g -O2  conftest.c >&5
configure:5508: $? = 0
configure:5524: result: yes
configure:5481: checking for inttypes.h
configure:5502: gcc -c -g -O2  conftest.c >&5
configure:5508: $? = 0
configure:5524: result: yes
configure:5481: checking for stdint.h
configure:5502: gcc -c -g -O2  conftest.c >&5
configure:5508: $? = 0
configure:5524: result: yes
configure:5481: checking for unistd.h
configure:5502: gcc -c -g -O2  conftest.c >&5
configure:5508: $? = 0
configure:5524: result: yes
configure:5551: checking dlfcn.h usability
configure:5568: gcc -c -g -O2  conftest.c >&5
configure:5574: $? = 0
configure:5588: result: yes
configure:5592: checking dlfcn.h presence
configure:5607: gcc -E  conftest.c
configure:5613: $? = 0
configure:5627: result: yes
configure:5660: checking for dlfcn.h
configure:5668: result: yes
configure:5691: checking how to run the C++ preprocessor
configure:5727: g++ -E  conftest.cpp
configure:5733: $? = 0
configure:5764: g++ -E  conftest.cpp
conftest.cpp:19:28: error: ac_nonexistent.h: No such file or directory
configure:5770: $? = 1
configure: failed program was:
| /* confdefs.h.  */
| #define PACKAGE_NAME "FTGL"
| #define PACKAGE_TARNAME "ftgl"
| #define PACKAGE_VERSION "2.1.3~rc5"
| #define PACKAGE_STRING "FTGL 2.1.3~rc5"
| #define PACKAGE_BUGREPORT "sam@zoy.org"
| #define STDC_HEADERS 1
| #define HAVE_SYS_TYPES_H 1
| #define HAVE_SYS_STAT_H 1
| #define HAVE_STDLIB_H 1
| #define HAVE_STRING_H 1
| #define HAVE_MEMORY_H 1
| #define HAVE_STRINGS_H 1
| #define HAVE_INTTYPES_H 1
| #define HAVE_STDINT_H 1
| #define HAVE_UNISTD_H 1
| #define HAVE_DLFCN_H 1
| /* end confdefs.h.  */
| #include <ac_nonexistent.h>
configure:5803: result: g++ -E
configure:5832: g++ -E  conftest.cpp
configure:5838: $? = 0
configure:5869: g++ -E  conftest.cpp
conftest.cpp:19:28: error: ac_nonexistent.h: No such file or directory
configure:5875: $? = 1
configure: failed program was:
| /* confdefs.h.  */
| #define PACKAGE_NAME "FTGL"
| #define PACKAGE_TARNAME "ftgl"
| #define PACKAGE_VERSION "2.1.3~rc5"
| #define PACKAGE_STRING "FTGL 2.1.3~rc5"
| #define PACKAGE_BUGREPORT "sam@zoy.org"
| #define STDC_HEADERS 1
| #define HAVE_SYS_TYPES_H 1
| #define HAVE_SYS_STAT_H 1
| #define HAVE_STDLIB_H 1
| #define HAVE_STRING_H 1
| #define HAVE_MEMORY_H 1
| #define HAVE_STRINGS_H 1
| #define HAVE_INTTYPES_H 1
| #define HAVE_STDINT_H 1
| #define HAVE_UNISTD_H 1
| #define HAVE_DLFCN_H 1
| /* end confdefs.h.  */
| #include <ac_nonexistent.h>
configure:5968: checking for g77
configure:5998: result: no
configure:5968: checking for xlf
configure:5998: result: no
configure:5968: checking for f77
configure:5998: result: no
configure:5968: checking for frt
configure:5998: result: no
configure:5968: checking for pgf77
configure:5998: result: no
configure:5968: checking for cf77
configure:5998: result: no
configure:5968: checking for fort77
configure:5998: result: no
configure:5968: checking for fl32
configure:5998: result: no
configure:5968: checking for af77
configure:5998: result: no
configure:5968: checking for xlf90
configure:5998: result: no
configure:5968: checking for f90
configure:5998: result: no
configure:5968: checking for pgf90
configure:5998: result: no
configure:5968: checking for pghpf
configure:5998: result: no
configure:5968: checking for epcf90
configure:5998: result: no
configure:5968: checking for gfortran
configure:5998: result: no
configure:5968: checking for g95
configure:5998: result: no
configure:5968: checking for xlf95
configure:5998: result: no
configure:5968: checking for f95
configure:5998: result: no
configure:5968: checking for fort
configure:5998: result: no
configure:5968: checking for ifort
configure:5998: result: no
configure:5968: checking for ifc
configure:5998: result: no
configure:5968: checking for efc
configure:5998: result: no
configure:5968: checking for pgf95
configure:5998: result: no
configure:5968: checking for lf95
configure:5998: result: no
configure:5968: checking for ftn
configure:5998: result: no
configure:6025: checking for Fortran 77 compiler version
configure:6032:  --version >&5
./configure: line 6033: --version: command not found
configure:6035: $? = 127
configure:6042:  -v >&5
./configure: line 6043: -v: command not found
configure:6045: $? = 127
configure:6052:  -V >&5
./configure: line 6053: -V: command not found
configure:6055: $? = 127
configure:6063: checking whether we are using the GNU Fortran 77 compiler
configure:6082:  -c  conftest.F >&5
./configure: line 6083: -c: command not found
configure:6088: $? = 127
configure: failed program was:
|       program main
| #ifndef __GNUC__
|        choke me
| #endif
| 
|       end
configure:6105: result: no
configure:6111: checking whether  accepts -g
configure:6128:  -c -g conftest.f >&5
./configure: line 6129: -c: command not found
configure:6134: $? = 127
configure: failed program was:
|       program main
| 
|       end
configure:6150: result: no
configure:6179: checking the maximum length of command line arguments
configure:6291: result: 196608
configure:6303: checking command to parse /usr/bin/nm output from gcc object
configure:6408: gcc -c -g -O2  conftest.c >&5
configure:6411: $? = 0
configure:6415: /usr/bin/nm conftest.o \| sed -n -e 's/^.*[ 	]\([BCDEGRST][BCDEGRST]*\)[ 	][ 	]*\([_A-Za-z][_A-Za-z0-9]*\)$/\1 \2 \2/p' \> conftest.nm
configure:6418: $? = 0
cannot find nm_test_var in conftest.nm
configure:6408: gcc -c -g -O2  conftest.c >&5
configure:6411: $? = 0
configure:6415: /usr/bin/nm conftest.o \| sed -n -e 's/^.*[ 	]\([BCDEGRST][BCDEGRST]*\)[ 	][ 	]*_\([_A-Za-z][_A-Za-z0-9]*\)$/\1 _\2 \2/p' \> conftest.nm
configure:6418: $? = 0
configure:6470: gcc -o conftest -g -O2   conftest.c conftstm.o >&5
configure:6473: $? = 0
configure:6511: result: ok
configure:6515: checking for objdir
configure:6530: result: .libs
configure:6622: checking for ar
configure:6638: found /usr/bin/ar
configure:6649: result: ar
configure:6718: checking for ranlib
configure:6734: found /usr/bin/ranlib
configure:6745: result: ranlib
configure:6814: checking for strip
configure:6830: found /usr/bin/strip
configure:6841: result: strip
configure:7098: checking for dsymutil
configure:7114: found /usr/bin/dsymutil
configure:7125: result: dsymutil
configure:7194: checking for nmedit
configure:7210: found /usr/bin/nmedit
configure:7221: result: nmedit
configure:7248: checking for -single_module linker flag
configure:7269: result: yes
configure:7271: checking for -exported_symbols_list linker flag
configure:7301: gcc -o conftest -g -O2   -Wl,-exported_symbols_list,conftest.sym conftest.c  >&5
configure:7307: $? = 0
configure:7326: result: yes
configure:7439: checking if gcc supports -fno-rtti -fno-exceptions
configure:7456: gcc -c -g -O2  -fno-rtti -fno-exceptions conftest.c >&5
cc1: warning: command line option "-fno-rtti" is valid for C++/ObjC++ but not for C
configure:7460: $? = 0
configure:7474: result: no
configure:7489: checking for gcc option to produce PIC
configure:7721: result: -fno-common
configure:7729: checking if gcc PIC flag -fno-common works
configure:7746: gcc -c -g -O2  -fno-common -DPIC conftest.c >&5
configure:7750: $? = 0
configure:7764: result: yes
configure:7792: checking if gcc static flag -static works
configure:7820: result: no
configure:7830: checking if gcc supports -c -o file.o
configure:7850: gcc -c -g -O2  -o out/conftest2.o conftest.c >&5
configure:7854: $? = 0
configure:7877: result: yes
configure:7903: checking whether the gcc linker (/usr/libexec/gcc/i686-apple-darwin10/4.2.1/ld) supports shared libraries
configure:8884: result: yes
configure:8951: checking dynamic linker characteristics
configure:9565: result: darwin10.7.0 dyld
configure:9589: checking how to hardcode library paths into programs
configure:9614: result: immediate
configure:9628: checking whether stripping libraries is possible
configure:9642: result: yes
configure:10435: checking if libtool supports shared libraries
configure:10437: result: yes
configure:10440: checking whether to build shared libraries
configure:10461: result: yes
configure:10464: checking whether to build static libraries
configure:10468: result: yes
configure:10562: creating libtool
configure:11155: checking for ld used by g++
configure:11222: result: /usr/libexec/gcc/i686-apple-darwin10/4.2.1/ld
configure:11231: checking if the linker (/usr/libexec/gcc/i686-apple-darwin10/4.2.1/ld) is GNU ld
configure:11246: result: no
configure:11297: checking whether the g++ linker (/usr/libexec/gcc/i686-apple-darwin10/4.2.1/ld) supports shared libraries
configure:12243: result: yes
configure:12260: g++ -c -g -O2  conftest.cpp >&5
configure:12263: $? = 0
configure:12419: checking for g++ option to produce PIC
configure:12703: result: -fno-common
configure:12711: checking if g++ PIC flag -fno-common works
configure:12728: g++ -c -g -O2  -fno-common -DPIC conftest.cpp >&5
configure:12732: $? = 0
configure:12746: result: yes
configure:12774: checking if g++ static flag -static works
configure:12802: result: no
configure:12812: checking if g++ supports -c -o file.o
configure:12832: g++ -c -g -O2  -o out/conftest2.o conftest.cpp >&5
configure:12836: $? = 0
configure:12859: result: yes
configure:12885: checking whether the g++ linker (/usr/libexec/gcc/i686-apple-darwin10/4.2.1/ld) supports shared libraries
configure:12914: result: yes
configure:12981: checking dynamic linker characteristics
configure:13543: result: darwin10.7.0 dyld
configure:13567: checking how to hardcode library paths into programs
configure:13592: result: immediate
configure:19852: checking for a BSD-compatible install
configure:19908: result: /usr/bin/install -c
configure:19923: checking whether gcc and cc understand -c and -o together
configure:19958: gcc -c conftest.c -o conftest2.o >&5
configure:19961: $? = 0
configure:19967: gcc -c conftest.c -o conftest2.o >&5
configure:19970: $? = 0
configure:19981: cc -c conftest.c >&5
configure:19984: $? = 0
configure:19992: cc -c conftest.c -o conftest2.o >&5
configure:19995: $? = 0
configure:20001: cc -c conftest.c -o conftest2.o >&5
configure:20004: $? = 0
configure:20022: result: yes
configure:20050: checking for ANSI C header files
configure:20214: result: yes
configure:20225: checking for stdlib.h
configure:20230: result: yes
configure:20362: checking for wcsdup
configure:20418: gcc -o conftest -g -O2   conftest.c  >&5
Undefined symbols:
  "_wcsdup", referenced from:
      _main in cc4nhFTA.o
ld: symbol(s) not found
collect2: ld returned 1 exit status
configure:20424: $? = 1
configure: failed program was:
| /* confdefs.h.  */
| #define PACKAGE_NAME "FTGL"
| #define PACKAGE_TARNAME "ftgl"
| #define PACKAGE_VERSION "2.1.3~rc5"
| #define PACKAGE_STRING "FTGL 2.1.3~rc5"
| #define PACKAGE_BUGREPORT "sam@zoy.org"
| #define STDC_HEADERS 1
| #define HAVE_SYS_TYPES_H 1
| #define HAVE_SYS_STAT_H 1
| #define HAVE_STDLIB_H 1
| #define HAVE_STRING_H 1
| #define HAVE_MEMORY_H 1
| #define HAVE_STRINGS_H 1
| #define HAVE_INTTYPES_H 1
| #define HAVE_STDINT_H 1
| #define HAVE_UNISTD_H 1
| #define HAVE_DLFCN_H 1
| #define STDC_HEADERS 1
| /* end confdefs.h.  */
| /* Define wcsdup to an innocuous variant, in case <limits.h> declares wcsdup.
|    For example, HP-UX 11i <limits.h> declares gettimeofday.  */
| #define wcsdup innocuous_wcsdup
| 
| /* System header to define __stub macros and hopefully few prototypes,
|     which can conflict with char wcsdup (); below.
|     Prefer <limits.h> to <assert.h> if __STDC__ is defined, since
|     <limits.h> exists even on freestanding compilers.  */
| 
| #ifdef __STDC__
| # include <limits.h>
| #else
| # include <assert.h>
| #endif
| 
| #undef wcsdup
| 
| /* Override any GCC internal prototype to avoid an error.
|    Use char because int might match the return type of a GCC
|    builtin and then its argument prototype would still apply.  */
| #ifdef __cplusplus
| extern "C"
| #endif
| char wcsdup ();
| /* The GNU C library defines this for functions which it implements
|     to always fail with ENOSYS.  Some functions are actually named
|     something starting with __ and the normal name is an alias.  */
| #if defined __stub_wcsdup || defined __stub___wcsdup
| choke me
| #endif
| 
| int
| main ()
| {
| return wcsdup ();
|   ;
|   return 0;
| }
configure:20442: result: no
configure:20456: checking for strndup
configure:20512: gcc -o conftest -g -O2   conftest.c  >&5
conftest.c:43: warning: conflicting types for built-in function 'strndup'
Undefined symbols:
  "_strndup", referenced from:
      _main in cc02crBl.o
ld: symbol(s) not found
collect2: ld returned 1 exit status
configure:20518: $? = 1
configure: failed program was:
| /* confdefs.h.  */
| #define PACKAGE_NAME "FTGL"
| #define PACKAGE_TARNAME "ftgl"
| #define PACKAGE_VERSION "2.1.3~rc5"
| #define PACKAGE_STRING "FTGL 2.1.3~rc5"
| #define PACKAGE_BUGREPORT "sam@zoy.org"
| #define STDC_HEADERS 1
| #define HAVE_SYS_TYPES_H 1
| #define HAVE_SYS_STAT_H 1
| #define HAVE_STDLIB_H 1
| #define HAVE_STRING_H 1
| #define HAVE_MEMORY_H 1
| #define HAVE_STRINGS_H 1
| #define HAVE_INTTYPES_H 1
| #define HAVE_STDINT_H 1
| #define HAVE_UNISTD_H 1
| #define HAVE_DLFCN_H 1
| #define STDC_HEADERS 1
| /* end confdefs.h.  */
| /* Define strndup to an innocuous variant, in case <limits.h> declares strndup.
|    For example, HP-UX 11i <limits.h> declares gettimeofday.  */
| #define strndup innocuous_strndup
| 
| /* System header to define __stub macros and hopefully few prototypes,
|     which can conflict with char strndup (); below.
|     Prefer <limits.h> to <assert.h> if __STDC__ is defined, since
|     <limits.h> exists even on freestanding compilers.  */
| 
| #ifdef __STDC__
| # include <limits.h>
| #else
| # include <assert.h>
| #endif
| 
| #undef strndup
| 
| /* Override any GCC internal prototype to avoid an error.
|    Use char because int might match the return type of a GCC
|    builtin and then its argument prototype would still apply.  */
| #ifdef __cplusplus
| extern "C"
| #endif
| char strndup ();
| /* The GNU C library defines this for functions which it implements
|     to always fail with ENOSYS.  Some functions are actually named
|     something starting with __ and the normal name is an alias.  */
| #if defined __stub_strndup || defined __stub___strndup
| choke me
| #endif
| 
| int
| main ()
| {
| return strndup ();
|   ;
|   return 0;
| }
configure:20536: result: no
configure:20549: checking for X
configure:20664: gcc -E  conftest.c
configure:20670: $? = 0
configure:20719: gcc -o conftest -g -O2   conftest.c -lX11  >&5
ld: library not found for -lX11
collect2: ld returned 1 exit status
configure:20725: $? = 1
configure: failed program was:
| /* confdefs.h.  */
| #define PACKAGE_NAME "FTGL"
| #define PACKAGE_TARNAME "ftgl"
| #define PACKAGE_VERSION "2.1.3~rc5"
| #define PACKAGE_STRING "FTGL 2.1.3~rc5"
| #define PACKAGE_BUGREPORT "sam@zoy.org"
| #define STDC_HEADERS 1
| #define HAVE_SYS_TYPES_H 1
| #define HAVE_SYS_STAT_H 1
| #define HAVE_STDLIB_H 1
| #define HAVE_STRING_H 1
| #define HAVE_MEMORY_H 1
| #define HAVE_STRINGS_H 1
| #define HAVE_INTTYPES_H 1
| #define HAVE_STDINT_H 1
| #define HAVE_UNISTD_H 1
| #define HAVE_DLFCN_H 1
| #define STDC_HEADERS 1
| /* end confdefs.h.  */
| #include <X11/Xlib.h>
| int
| main ()
| {
| XrmInitialize ()
|   ;
|   return 0;
| }
configure:20773: result: no
configure:20833: checking for freetype-config
configure:20864: result: no
configure:20874: checking for FreeType -- version >= 9.0.3
configure:21004: result: no
configure:21053: error: FreeType2 is required to compile this library

## ---------------- ##
## Cache variables. ##
## ---------------- ##

ac_cv_build=i386-apple-darwin10.7.0
ac_cv_c_compiler_gnu=yes
ac_cv_cxx_compiler_gnu=yes
ac_cv_env_CCC_set=
ac_cv_env_CCC_value=
ac_cv_env_CC_set=
ac_cv_env_CC_value=
ac_cv_env_CFLAGS_set=
ac_cv_env_CFLAGS_value=
ac_cv_env_CPPFLAGS_set=
ac_cv_env_CPPFLAGS_value=
ac_cv_env_CPPUNIT_CFLAGS_set=
ac_cv_env_CPPUNIT_CFLAGS_value=
ac_cv_env_CPPUNIT_LIBS_set=
ac_cv_env_CPPUNIT_LIBS_value=
ac_cv_env_CPP_set=
ac_cv_env_CPP_value=
ac_cv_env_CXXCPP_set=
ac_cv_env_CXXCPP_value=
ac_cv_env_CXXFLAGS_set=
ac_cv_env_CXXFLAGS_value=
ac_cv_env_CXX_set=
ac_cv_env_CXX_value=
ac_cv_env_F77_set=
ac_cv_env_F77_value=
ac_cv_env_FFLAGS_set=
ac_cv_env_FFLAGS_value=
ac_cv_env_LDFLAGS_set=
ac_cv_env_LDFLAGS_value=
ac_cv_env_LIBS_set=
ac_cv_env_LIBS_value=
ac_cv_env_PKG_CONFIG_set=
ac_cv_env_PKG_CONFIG_value=
ac_cv_env_XMKMF_set=
ac_cv_env_XMKMF_value=
ac_cv_env_build_alias_set=
ac_cv_env_build_alias_value=
ac_cv_env_host_alias_set=
ac_cv_env_host_alias_value=
ac_cv_env_target_alias_set=
ac_cv_env_target_alias_value=
ac_cv_f77_compiler_gnu=no
ac_cv_func_strndup=no
ac_cv_func_wcsdup=no
ac_cv_have_x=have_x=no
ac_cv_header_dlfcn_h=yes
ac_cv_header_inttypes_h=yes
ac_cv_header_memory_h=yes
ac_cv_header_stdc=yes
ac_cv_header_stdint_h=yes
ac_cv_header_stdlib_h=yes
ac_cv_header_string_h=yes
ac_cv_header_strings_h=yes
ac_cv_header_sys_stat_h=yes
ac_cv_header_sys_types_h=yes
ac_cv_header_unistd_h=yes
ac_cv_host=i386-apple-darwin10.7.0
ac_cv_objext=o
ac_cv_path_EGREP='/usr/bin/grep -E'
ac_cv_path_FT2_CONFIG=no
ac_cv_path_GREP=/usr/bin/grep
ac_cv_path_install='/usr/bin/install -c'
ac_cv_prog_AWK=awk
ac_cv_prog_CPP='gcc -E'
ac_cv_prog_CXXCPP='g++ -E'
ac_cv_prog_ac_ct_AR=ar
ac_cv_prog_ac_ct_CC=gcc
ac_cv_prog_ac_ct_CXX=g++
ac_cv_prog_ac_ct_DSYMUTIL=dsymutil
ac_cv_prog_ac_ct_NMEDIT=nmedit
ac_cv_prog_ac_ct_RANLIB=ranlib
ac_cv_prog_ac_ct_STRIP=strip
ac_cv_prog_cc_c89=
ac_cv_prog_cc_g=yes
ac_cv_prog_cc_gcc_c_o=yes
ac_cv_prog_cxx_g=yes
ac_cv_prog_f77_g=no
ac_cv_prog_make_make_set=yes
am_cv_CC_dependencies_compiler_type=gcc3
am_cv_CXX_dependencies_compiler_type=gcc3
lt_cv_apple_cc_single_mod=yes
lt_cv_deplibs_check_method=pass_all
lt_cv_file_magic_cmd='$MAGIC_CMD'
lt_cv_file_magic_test_file=
lt_cv_ld_exported_symbols_list=yes
lt_cv_ld_reload_flag=-r
lt_cv_objdir=.libs
lt_cv_path_LD=/usr/libexec/gcc/i686-apple-darwin10/4.2.1/ld
lt_cv_path_LDCXX=/usr/libexec/gcc/i686-apple-darwin10/4.2.1/ld
lt_cv_path_NM=/usr/bin/nm
lt_cv_path_SED=/usr/bin/sed
lt_cv_prog_compiler_c_o=yes
lt_cv_prog_compiler_c_o_CXX=yes
lt_cv_prog_compiler_pic_works=yes
lt_cv_prog_compiler_pic_works_CXX=yes
lt_cv_prog_compiler_rtti_exceptions=no
lt_cv_prog_compiler_static_works=no
lt_cv_prog_compiler_static_works_CXX=no
lt_cv_prog_gnu_ld=no
lt_cv_prog_gnu_ldcxx=no
lt_cv_sys_global_symbol_pipe='sed -n -e '\''s/^.*[ 	]\([BCDEGRST][BCDEGRST]*\)[ 	][ 	]*_\([_A-Za-z][_A-Za-z0-9]*\)$/\1 _\2 \2/p'\'''
lt_cv_sys_global_symbol_to_c_name_address='sed -n -e '\''s/^: \([^ ]*\) $/  {\"\1\", (lt_ptr) 0},/p'\'' -e '\''s/^[BCDEGRST] \([^ ]*\) \([^ ]*\)$/  {"\2", (lt_ptr) \&\2},/p'\'''
lt_cv_sys_global_symbol_to_cdecl='sed -n -e '\''s/^. .* \(.*\)$/extern int \1;/p'\'''
lt_cv_sys_lib_dlsearch_path_spec='/usr/local/lib /lib /usr/lib'
lt_cv_sys_lib_search_path_spec='/usr/lib/gcc/i686-apple-darwin10/4.2.1/x86_64 /usr/lib/i686-apple-darwin10/4.2.1 /usr/lib /usr/local/lib'
lt_cv_sys_max_cmd_len=196608
lt_lt_cv_prog_compiler_c_o='"yes"'
lt_lt_cv_prog_compiler_c_o_CXX='"yes"'
lt_lt_cv_sys_global_symbol_pipe='"sed -n -e '\''s/^.*[ 	]\\([BCDEGRST][BCDEGRST]*\\)[ 	][ 	]*_\\([_A-Za-z][_A-Za-z0-9]*\\)\$/\\1 _\\2 \\2/p'\''"'
lt_lt_cv_sys_global_symbol_to_c_name_address='"sed -n -e '\''s/^: \\([^ ]*\\) \$/  {\\\"\\1\\\", (lt_ptr) 0},/p'\'' -e '\''s/^[BCDEGRST] \\([^ ]*\\) \\([^ ]*\\)\$/  {\"\\2\", (lt_ptr) \\&\\2},/p'\''"'
lt_lt_cv_sys_global_symbol_to_cdecl='"sed -n -e '\''s/^. .* \\(.*\\)\$/extern int \\1;/p'\''"'

## ----------------- ##
## Output variables. ##
## ----------------- ##

ACLOCAL='aclocal-1.10'
AMDEPBACKSLASH='\'
AMDEP_FALSE='#'
AMDEP_TRUE=''
AMTAR='tar'
AR='ar'
AUTOCONF='autoconf'
AUTOHEADER='autoheader'
AUTOMAKE='automake-1.10'
AWK='awk'
CC='gcc'
CCDEPMODE='depmode=gcc3'
CFLAGS='-g -O2'
CONVERT=''
CPP='gcc -E'
CPPFLAGS=''
CPPUNIT_CFLAGS=''
CPPUNIT_LIBS=''
CXX='g++'
CXXCPP='g++ -E'
CXXDEPMODE='depmode=gcc3'
CXXFLAGS='-g -O2'
CYGPATH_W='echo'
DEFS=''
DEPDIR='.deps'
DOXYGEN=''
DSYMUTIL='dsymutil'
DVIPS=''
ECHO='echo'
ECHO_C=''
ECHO_N='-n'
ECHO_T=''
EGREP='/usr/bin/grep -E'
EPSTOPDF=''
EXEEXT=''
F77=''
FFLAGS=''
FRAMEWORK_OPENGL=''
FT2_CFLAGS=''
FT2_CONFIG='no'
FT2_LIBS=''
GLUT_CFLAGS=''
GLUT_LIBS=''
GL_CFLAGS=''
GL_LIBS=''
GREP='/usr/bin/grep'
HAVE_CPPUNIT_FALSE=''
HAVE_CPPUNIT_TRUE=''
HAVE_DOXYGEN_FALSE=''
HAVE_DOXYGEN_TRUE=''
HAVE_GLUT_FALSE=''
HAVE_GLUT_TRUE=''
HAVE_LATEX_FALSE=''
HAVE_LATEX_TRUE=''
INSTALL_DATA='${INSTALL} -m 644'
INSTALL_PROGRAM='${INSTALL}'
INSTALL_SCRIPT='${INSTALL}'
INSTALL_STRIP_PROGRAM='$(install_sh) -c -s'
KPSEWHICH=''
LATEX=''
LDFLAGS=''
LIBOBJS=''
LIBS=''
LIBTOOL='$(SHELL) $(top_builddir)/libtool'
LN_S='ln -s'
LTLIBOBJS=''
LT_MAJOR='2'
LT_MICRO='3'
LT_MINOR='1'
LT_VERSION='2:1:3'
MAKEINFO='makeinfo'
NMEDIT='nmedit'
OBJEXT='o'
PACKAGE='ftgl'
PACKAGE_BUGREPORT='sam@zoy.org'
PACKAGE_NAME='FTGL'
PACKAGE_STRING='FTGL 2.1.3~rc5'
PACKAGE_TARNAME='ftgl'
PACKAGE_VERSION='2.1.3~rc5'
PATH_SEPARATOR=':'
PKG_CONFIG=''
RANLIB='ranlib'
SED='/usr/bin/sed'
SET_MAKE=''
SHELL='bash'
STRIP='strip'
VERSION='2.1.3~rc5'
XMKMF=''
X_CFLAGS=''
X_EXTRA_LIBS=''
X_LIBS=''
X_PRE_LIBS=''
ac_ct_CC='gcc'
ac_ct_CXX='g++'
ac_ct_F77=''
am__fastdepCC_FALSE='#'
am__fastdepCC_TRUE=''
am__fastdepCXX_FALSE='#'
am__fastdepCXX_TRUE=''
am__include='include'
am__isrc=''
am__leading_dot='.'
am__quote=''
am__tar='${AMTAR} chof - "$$tardir"'
am__untar='${AMTAR} xf -'
bindir='${exec_prefix}/bin'
build='i386-apple-darwin10.7.0'
build_alias=''
build_cpu='i386'
build_os='darwin10.7.0'
build_vendor='apple'
datadir='${datarootdir}'
datarootdir='${prefix}/share'
docdir='${datarootdir}/doc/${PACKAGE_TARNAME}'
dvidir='${docdir}'
exec_prefix='NONE'
host='i386-apple-darwin10.7.0'
host_alias=''
host_cpu='i386'
host_os='darwin10.7.0'
host_vendor='apple'
htmldir='${docdir}'
includedir='${prefix}/include'
infodir='${datarootdir}/info'
install_sh='$(SHELL) /home/cc/cs184/sp11/class/cs184-ew/inertia/ftgl-2.1.3~rc5/.auto/install-sh'
libdir='${exec_prefix}/lib'
libexecdir='${exec_prefix}/libexec'
localedir='${datarootdir}/locale'
localstatedir='${prefix}/var'
mandir='${datarootdir}/man'
mkdir_p='$(top_builddir)/.auto/install-sh -c -d'
oldincludedir='/usr/include'
pdfdir='${docdir}'
prefix='NONE'
program_transform_name='s,x,x,'
psdir='${docdir}'
sbindir='${exec_prefix}/sbin'
sharedstatedir='${prefix}/com'
sysconfdir='${prefix}/etc'
target_alias=''

## ----------- ##
## confdefs.h. ##
## ----------- ##

#define PACKAGE_NAME "FTGL"
#define PACKAGE_TARNAME "ftgl"
#define PACKAGE_VERSION "2.1.3~rc5"
#define PACKAGE_STRING "FTGL 2.1.3~rc5"
#define PACKAGE_BUGREPORT "sam@zoy.org"
#define STDC_HEADERS 1
#define HAVE_SYS_TYPES_H 1
#define HAVE_SYS_STAT_H 1
#define HAVE_STDLIB_H 1
#define HAVE_STRING_H 1
#define HAVE_MEMORY_H 1
#define HAVE_STRINGS_H 1
#define HAVE_INTTYPES_H 1
#define HAVE_STDINT_H 1
#define HAVE_UNISTD_H 1
#define HAVE_DLFCN_H 1
#define STDC_HEADERS 1

configure: exit 1
